<?xml version="1.0" encoding="UTF-8"?>
<!-- Generated by org.testng.reporters.JUnitReportReporter -->
<testsuite hostname="DESKTOP-68P3RKI" failures="0" tests="5" name="com.telus.testcases.RegisterDemoEndToEnd" time="18.591" errors="0" timestamp="2022-08-13T23:33:22 IST" skipped="0">
  <testcase classname="com.telus.testcases.RegisterDemoEndToEnd" name="launchApplication" time="12.078"/>
  <system-out>
    <![CDATA[Application is launched.]]>
  </system-out>
  <testcase classname="com.telus.testcases.RegisterDemoEndToEnd" name="navigateToRegistrationForm" time="2.368"/>
  <system-out>
    <![CDATA[QA AUTOMATION is Displayed.
Practice Automation is Displayed.
Registration Form is clicked.]]>
  </system-out>
  <testcase classname="com.telus.testcases.RegisterDemoEndToEnd" name="registerNewUser" time="3.999"/>
  <system-out>
    <![CDATA[Title is Displayed.
Actual and Expected title are same.
The Title is Register For Demo.
-------------------------------------------------------------------
The First Name is Salman.
The Last Name is Raza.
Gender - Male is selected.
The Street address is A/12
The Apartment Number is 13.
The City is Siwan.
The State is Bihar.
The Zip code is 841226.
Country India is Selected.
The Email ID is salmanraza1306@gmail.com
The Date Of Demo is 07/07/2022.
The Convenient Time HH "12" is Selected.
The Convenient Time MM "05" is Selected.
The Mobile Number is 9773782033.
The UFT CheckBox is selected.
The TestNG CheckBox is selected.
The Query is How to opt for UFT Course.
Verification Number is 99.
--------------------------------------------------------------------
Submit button is clicked.]]>
  </system-out>
  <testcase classname="com.telus.testcases.RegisterDemoEndToEnd" name="succMsgValidation" time="0.049"/>
  <system-out>
    <![CDATA[The Actual and Expected Message of Successful Registration are Same.
The Succesful message is validated.
The Successful Registration Message is - Registration Form is Successfully Submitted. The Transaction ID : NXTGEN1937465.
The Transaction Id is NXTGEN1937465.]]>
  </system-out>
  <testcase classname="com.telus.testcases.RegisterDemoEndToEnd" name="closeApplication" time="0.097"/>
  <system-out>
    <![CDATA[Application is closed.]]>
  </system-out>
</testsuite> <!-- com.telus.testcases.RegisterDemoEndToEnd -->
