<?xml version="1.0" encoding="UTF-8"?>
<!-- Generated by org.testng.reporters.JUnitReportReporter -->
<testsuite hostname="DESKTOP-68P3RKI" failures="0" tests="5" name="com.telus.testcases.RegisterDemo" time="18.845" errors="0" timestamp="2022-08-13T20:46:45 IST" skipped="0">
  <testcase classname="com.telus.testcases.RegisterDemo" name="launchApplication" time="12.079"/>
  <system-out>
    <![CDATA[Application is launched.]]>
  </system-out>
  <testcase classname="com.telus.testcases.RegisterDemo" name="navigateToRegistrationForm" time="2.770"/>
  <system-out>
    <![CDATA[QA AUTOMATION is Displayed
Practice Automation is Displayed
Registration Form is clicked]]>
  </system-out>
  <testcase classname="com.telus.testcases.RegisterDemo" name="registerNewUser" time="3.697"/>
  <system-out>
    <![CDATA[Title is Displayed
Actual and Expected title is same
The Title is Register For Demo
First Name is Salman
Last Name is Raza
Male is selected
Street address is Siwan
Apt is 12
City is Siwan
State is Bihar
Zip code is 841226
India is Selected
Email ID is salmanraza1306@gmail.com
Date Of Demo is 07/07/2022
12 is Selected
05 is Selected
Mobile Number is 9773782364
 UFT is selected
TestNG is selected
Query is How to opt for this Course
Verification Number is 99
Submit button is clicked]]>
  </system-out>
  <testcase classname="com.telus.testcases.RegisterDemo" name="succMsgValidation" time="0.034"/>
  <system-out>
    <![CDATA[The Actual and Expected Message of Successful Registration are Same.
The Succesful message is validated
The Successful Registration Message is - Registration Form is Successfully Submitted. The Transaction ID : NXTGEN1937465
The Transaction Id is NXTGEN1937465]]>
  </system-out>
  <testcase classname="com.telus.testcases.RegisterDemo" name="closeApplication" time="0.265"/>
  <system-out>
    <![CDATA[Application is closed]]>
  </system-out>
</testsuite> <!-- com.telus.testcases.RegisterDemo -->
